Using pre-set license
Built from '2020.3/staging' branch; Version is '2020.3.11f1 (99c7afb366b3) revision 10078127'; Using compiler version '192528614'; Build Type 'Release'
OS: 'Windows 10 Home Single Language; OS build 19041.1110; Version 2004; 64bit' Language: 'tr' Physical Memory: 16220 MB
BatchMode: 1, IsHumanControllingUs: 0, StartBugReporterOnCrash: 0, Is64bit: 1, IsPro: 0

 COMMAND LINE ARGUMENTS:
C:\Program Files\Unity\Hub\Editor\2020.3.11f1\Editor\Unity.exe
-adb2
-batchMode
-noUpm
-name
AssetImportWorker0
-projectPath
C:/Users/erayb/Desktop/Repos/Unity Projects/DoTweenMovement
-logFile
Logs/AssetImportWorker0.log
-srvPort
49613
Successfully changed project path to: C:/Users/erayb/Desktop/Repos/Unity Projects/DoTweenMovement
C:/Users/erayb/Desktop/Repos/Unity Projects/DoTweenMovement
Using Asset Import Pipeline V2.
Refreshing native plugins compatible for Editor in 23.62 ms, found 2 plugins.
Preloading 0 native plugins for Editor in 0.00 ms.
Initialize engine version: 2020.3.11f1 (99c7afb366b3)
[Subsystems] Discovering subsystems at path C:/Program Files/Unity/Hub/Editor/2020.3.11f1/Editor/Data/Resources/UnitySubsystems
[Subsystems] Discovering subsystems at path C:/Users/erayb/Desktop/Repos/Unity Projects/DoTweenMovement/Assets
GfxDevice: creating device client; threaded=0
Direct3D:
    Version:  Direct3D 11.0 [level 11.1]
    Renderer: NVIDIA GeForce RTX 2060 (ID=0x1f15)
    Vendor:   
    VRAM:     5980 MB
    Driver:   30.0.14.7141
Initialize mono
Mono path[0] = 'C:/Program Files/Unity/Hub/Editor/2020.3.11f1/Editor/Data/Managed'
Mono path[1] = 'C:/Program Files/Unity/Hub/Editor/2020.3.11f1/Editor/Data/MonoBleedingEdge/lib/mono/unityjit'
Mono config path = 'C:/Program Files/Unity/Hub/Editor/2020.3.11f1/Editor/Data/MonoBleedingEdge/etc'
Using monoOptions --debugger-agent=transport=dt_socket,embedding=1,server=y,suspend=n,address=127.0.0.1:56268
Begin MonoManager ReloadAssembly
Registering precompiled unity dll's ...
Register platform support module: C:/Program Files/Unity/Hub/Editor/2020.3.11f1/Editor/Data/PlaybackEngines/WebGLSupport/UnityEditor.WebGL.Extensions.dll
Register platform support module: C:/Program Files/Unity/Hub/Editor/2020.3.11f1/Editor/Data/PlaybackEngines/WindowsStandaloneSupport/UnityEditor.WindowsStandalone.Extensions.dll
Registered in 0.002149 seconds.
Native extension for WindowsStandalone target not found
Native extension for WebGL target not found
Refreshing native plugins compatible for Editor in 24.48 ms, found 2 plugins.
Preloading 0 native plugins for Editor in 0.00 ms.
Mono: successfully reloaded assembly
- Completed reload, in  1.045 seconds
Platform modules already initialized, skipping
Registering precompiled user dll's ...
Registered in 0.003550 seconds.
Begin MonoManager ReloadAssembly
Native extension for WindowsStandalone target not found
Native extension for WebGL target not found
Refreshing native plugins compatible for Editor in 0.25 ms, found 2 plugins.
Preloading 0 native plugins for Editor in 0.00 ms.
Mono: successfully reloaded assembly
- Completed reload, in  0.862 seconds
Platform modules already initialized, skipping
========================================================================
Worker process is ready to serve import requests
Launched and connected shader compiler UnityShaderCompiler.exe after 0.07 seconds
Refreshing native plugins compatible for Editor in 0.35 ms, found 2 plugins.
Preloading 0 native plugins for Editor in 0.00 ms.
Unloading 1386 Unused Serialized files (Serialized files now loaded: 0)
System memory in use before: 64.7 MB.
System memory in use after: 64.7 MB.

Unloading 19 unused Assets to reduce memory usage. Loaded Objects now: 1819.
Total: 1.760300 ms (FindLiveObjects: 0.139600 ms CreateObjectMapping: 0.038900 ms MarkObjects: 1.471000 ms  DeleteObjects: 0.110100 ms)

========================================================================
Received Import Request.
  path: Assets
  artifactKey: Guid(00000000000000001000000000000000) Importer(815301076,1909f56bfc062723c751e8b465ee728b)
Start importing Assets using Guid(00000000000000001000000000000000) Importer(815301076,1909f56bfc062723c751e8b465ee728b)  -> (artifact id: '42d402b061de3733987d63b9cc3b64de') in 0.004194 seconds
  Import took 0.006354 seconds .

========================================================================
Received Import Request.
  Time since last request: 2.343668 seconds.
  path: Assets/Scripts
  artifactKey: Guid(f39e0c9c40eb4184a87cb3c2381e6d58) Importer(815301076,1909f56bfc062723c751e8b465ee728b)
Start importing Assets/Scripts using Guid(f39e0c9c40eb4184a87cb3c2381e6d58) Importer(815301076,1909f56bfc062723c751e8b465ee728b)  -> (artifact id: '86a724226bfd66e7cc0916f18e17d8d7') in 0.003746 seconds
  Import took 0.007863 seconds .

========================================================================
Received Import Request.
  Time since last request: 10.186080 seconds.
  path: Assets/Editor
  artifactKey: Guid(1ac9e5f06a5e11c4e9bca61af581275d) Importer(815301076,1909f56bfc062723c751e8b465ee728b)
Start importing Assets/Editor using Guid(1ac9e5f06a5e11c4e9bca61af581275d) Importer(815301076,1909f56bfc062723c751e8b465ee728b)  -> (artifact id: '9308962524e9639503164f8cbd828e30') in 0.003210 seconds
  Import took 0.006374 seconds .

========================================================================
Received Import Request.
  Time since last request: 12.936014 seconds.
  path: Assets/DoTweenMovement
  artifactKey: Guid(ddeb681b539cfba4c8e7b5e995fbb354) Importer(815301076,1909f56bfc062723c751e8b465ee728b)
Start importing Assets/DoTweenMovement using Guid(ddeb681b539cfba4c8e7b5e995fbb354) Importer(815301076,1909f56bfc062723c751e8b465ee728b)  -> (artifact id: 'c7759b6ac11102853cd17f00fa4c0b07') in 0.003586 seconds
  Import took 0.006527 seconds .

========================================================================
Received Import Request.
  Time since last request: 16.643380 seconds.
  path: Assets/DoTweenMovement/Scripts/DoTween
  artifactKey: Guid(ff07519cb3c3d1f48813c500b4058704) Importer(815301076,1909f56bfc062723c751e8b465ee728b)
Start importing Assets/DoTweenMovement/Scripts/DoTween using Guid(ff07519cb3c3d1f48813c500b4058704) Importer(815301076,1909f56bfc062723c751e8b465ee728b)  -> (artifact id: 'f2590d1d5c68c3816647440d4b4659a5') in 0.003236 seconds
  Import took 0.006150 seconds .

========================================================================
Received Import Request.
  Time since last request: 12.454832 seconds.
  path: Assets/DoTweenMovement/Scripts/DoTweenMovement.cs
  artifactKey: Guid(502ca4b2c9f65ed44899f6b780787486) Importer(815301076,1909f56bfc062723c751e8b465ee728b)
Start importing Assets/DoTweenMovement/Scripts/DoTweenMovement.cs using Guid(502ca4b2c9f65ed44899f6b780787486) Importer(815301076,1909f56bfc062723c751e8b465ee728b)  -> (artifact id: '714cb7ab6475b076834571607d17da5d') in 0.021458 seconds
  Import took 0.023724 seconds .

========================================================================
Received Prepare
Registering precompiled user dll's ...
Registered in 0.003171 seconds.
Begin MonoManager ReloadAssembly
Native extension for WindowsStandalone target not found
Native extension for WebGL target not found
Refreshing native plugins compatible for Editor in 0.25 ms, found 2 plugins.
Preloading 0 native plugins for Editor in 0.00 ms.
Mono: successfully reloaded assembly
- Completed reload, in  0.778 seconds
Platform modules already initialized, skipping
Refreshing native plugins compatible for Editor in 0.26 ms, found 2 plugins.
Preloading 0 native plugins for Editor in 0.00 ms.
Unloading 1382 Unused Serialized files (Serialized files now loaded: 0)
System memory in use before: 64.6 MB.
System memory in use after: 64.7 MB.

Unloading 14 unused Assets to reduce memory usage. Loaded Objects now: 1823.
Total: 1.710600 ms (FindLiveObjects: 0.126500 ms CreateObjectMapping: 0.052800 ms MarkObjects: 1.471800 ms  DeleteObjects: 0.059000 ms)

========================================================================
Received Import Request.
  Time since last request: 23.680794 seconds.
  path: Assets/DoTweenMovement/Scripts/DoTweenMovement.cs
  artifactKey: Guid(502ca4b2c9f65ed44899f6b780787486) Importer(815301076,1909f56bfc062723c751e8b465ee728b)
Start importing Assets/DoTweenMovement/Scripts/DoTweenMovement.cs using Guid(502ca4b2c9f65ed44899f6b780787486) Importer(815301076,1909f56bfc062723c751e8b465ee728b)  -> (artifact id: '8e2c74b05c5f8e4d896f1d2b5dadb2ad') in 0.004516 seconds
  Import took 0.007003 seconds .

========================================================================
Received Prepare
Registering precompiled user dll's ...
Registered in 0.003567 seconds.
Begin MonoManager ReloadAssembly
Native extension for WindowsStandalone target not found
Native extension for WebGL target not found
Refreshing native plugins compatible for Editor in 0.30 ms, found 2 plugins.
Preloading 0 native plugins for Editor in 0.00 ms.
Mono: successfully reloaded assembly
- Completed reload, in  0.809 seconds
Platform modules already initialized, skipping
Refreshing native plugins compatible for Editor in 0.25 ms, found 2 plugins.
Preloading 0 native plugins for Editor in 0.00 ms.
Unloading 1382 Unused Serialized files (Serialized files now loaded: 0)
System memory in use before: 64.7 MB.
System memory in use after: 64.7 MB.

Unloading 14 unused Assets to reduce memory usage. Loaded Objects now: 1826.
Total: 1.440900 ms (FindLiveObjects: 0.118300 ms CreateObjectMapping: 0.039100 ms MarkObjects: 1.246300 ms  DeleteObjects: 0.036600 ms)

========================================================================
Received Prepare
Registering precompiled user dll's ...
Registered in 0.003747 seconds.
Begin MonoManager ReloadAssembly
Native extension for WindowsStandalone target not found
Native extension for WebGL target not found
Refreshing native plugins compatible for Editor in 0.28 ms, found 2 plugins.
Preloading 0 native plugins for Editor in 0.00 ms.
Mono: successfully reloaded assembly
- Completed reload, in  0.934 seconds
Platform modules already initialized, skipping
Refreshing native plugins compatible for Editor in 0.25 ms, found 2 plugins.
Preloading 0 native plugins for Editor in 0.00 ms.
Unloading 1383 Unused Serialized files (Serialized files now loaded: 0)
System memory in use before: 64.7 MB.
System memory in use after: 64.8 MB.

Unloading 14 unused Assets to reduce memory usage. Loaded Objects now: 1830.
Total: 1.442500 ms (FindLiveObjects: 0.109600 ms CreateObjectMapping: 0.035600 ms MarkObjects: 1.262800 ms  DeleteObjects: 0.033600 ms)

========================================================================
Received Prepare
Registering precompiled user dll's ...
Registered in 0.003539 seconds.
Begin MonoManager ReloadAssembly
Native extension for WindowsStandalone target not found
Native extension for WebGL target not found
Refreshing native plugins compatible for Editor in 0.25 ms, found 2 plugins.
Preloading 0 native plugins for Editor in 0.00 ms.
Mono: successfully reloaded assembly
- Completed reload, in  0.780 seconds
Platform modules already initialized, skipping
Refreshing native plugins compatible for Editor in 0.26 ms, found 2 plugins.
Preloading 0 native plugins for Editor in 0.00 ms.
Unloading 1383 Unused Serialized files (Serialized files now loaded: 0)
System memory in use before: 64.7 MB.
System memory in use after: 64.8 MB.

Unloading 14 unused Assets to reduce memory usage. Loaded Objects now: 1833.
Total: 1.465200 ms (FindLiveObjects: 0.122600 ms CreateObjectMapping: 0.039300 ms MarkObjects: 1.265300 ms  DeleteObjects: 0.037100 ms)

========================================================================
Received Prepare
Registering precompiled user dll's ...
Registered in 0.003711 seconds.
Begin MonoManager ReloadAssembly
Native extension for WindowsStandalone target not found
Native extension for WebGL target not found
Refreshing native plugins compatible for Editor in 0.27 ms, found 2 plugins.
Preloading 0 native plugins for Editor in 0.00 ms.
Mono: successfully reloaded assembly
- Completed reload, in  0.770 seconds
Platform modules already initialized, skipping
Refreshing native plugins compatible for Editor in 0.27 ms, found 2 plugins.
Preloading 0 native plugins for Editor in 0.00 ms.
Unloading 1383 Unused Serialized files (Serialized files now loaded: 0)
System memory in use before: 64.7 MB.
System memory in use after: 64.8 MB.

Unloading 14 unused Assets to reduce memory usage. Loaded Objects now: 1836.
Total: 1.451400 ms (FindLiveObjects: 0.121400 ms CreateObjectMapping: 0.035100 ms MarkObjects: 1.261100 ms  DeleteObjects: 0.033000 ms)

========================================================================
Received Prepare
Registering precompiled user dll's ...
Registered in 0.003269 seconds.
Begin MonoManager ReloadAssembly
Native extension for WindowsStandalone target not found
Native extension for WebGL target not found
Refreshing native plugins compatible for Editor in 0.30 ms, found 2 plugins.
Preloading 0 native plugins for Editor in 0.00 ms.
Mono: successfully reloaded assembly
- Completed reload, in  0.772 seconds
Platform modules already initialized, skipping
Refreshing native plugins compatible for Editor in 0.27 ms, found 2 plugins.
Preloading 0 native plugins for Editor in 0.00 ms.
Unloading 1383 Unused Serialized files (Serialized files now loaded: 0)
System memory in use before: 64.7 MB.
System memory in use after: 64.8 MB.

Unloading 14 unused Assets to reduce memory usage. Loaded Objects now: 1839.
Total: 1.570500 ms (FindLiveObjects: 0.145300 ms CreateObjectMapping: 0.042600 ms MarkObjects: 1.338400 ms  DeleteObjects: 0.043300 ms)

========================================================================
Received Prepare
Registering precompiled user dll's ...
Registered in 0.003225 seconds.
Begin MonoManager ReloadAssembly
Native extension for WindowsStandalone target not found
Native extension for WebGL target not found
Refreshing native plugins compatible for Editor in 0.25 ms, found 2 plugins.
Preloading 0 native plugins for Editor in 0.00 ms.
Mono: successfully reloaded assembly
- Completed reload, in  0.765 seconds
Platform modules already initialized, skipping
Refreshing native plugins compatible for Editor in 0.25 ms, found 2 plugins.
Preloading 0 native plugins for Editor in 0.00 ms.
Unloading 1383 Unused Serialized files (Serialized files now loaded: 0)
System memory in use before: 64.7 MB.
System memory in use after: 64.8 MB.

Unloading 14 unused Assets to reduce memory usage. Loaded Objects now: 1842.
Total: 1.520400 ms (FindLiveObjects: 0.159400 ms CreateObjectMapping: 0.060500 ms MarkObjects: 1.230200 ms  DeleteObjects: 0.069400 ms)

========================================================================
Received Prepare
Registering precompiled user dll's ...
Registered in 0.003281 seconds.
Begin MonoManager ReloadAssembly
Native extension for WindowsStandalone target not found
Native extension for WebGL target not found
Refreshing native plugins compatible for Editor in 0.29 ms, found 2 plugins.
Preloading 0 native plugins for Editor in 0.00 ms.
Mono: successfully reloaded assembly
- Completed reload, in  0.866 seconds
Platform modules already initialized, skipping
Refreshing native plugins compatible for Editor in 0.25 ms, found 2 plugins.
Preloading 0 native plugins for Editor in 0.00 ms.
Unloading 1383 Unused Serialized files (Serialized files now loaded: 0)
System memory in use before: 64.7 MB.
System memory in use after: 64.8 MB.

Unloading 14 unused Assets to reduce memory usage. Loaded Objects now: 1845.
Total: 1.521200 ms (FindLiveObjects: 0.111200 ms CreateObjectMapping: 0.035600 ms MarkObjects: 1.339600 ms  DeleteObjects: 0.034100 ms)

========================================================================
Received Prepare
Registering precompiled user dll's ...
Registered in 0.003255 seconds.
Begin MonoManager ReloadAssembly
Native extension for WindowsStandalone target not found
Native extension for WebGL target not found
Refreshing native plugins compatible for Editor in 0.26 ms, found 2 plugins.
Preloading 0 native plugins for Editor in 0.00 ms.
Mono: successfully reloaded assembly
- Completed reload, in  0.770 seconds
Platform modules already initialized, skipping
Refreshing native plugins compatible for Editor in 0.25 ms, found 2 plugins.
Preloading 0 native plugins for Editor in 0.00 ms.
Unloading 1383 Unused Serialized files (Serialized files now loaded: 0)
System memory in use before: 64.7 MB.
System memory in use after: 64.8 MB.

Unloading 14 unused Assets to reduce memory usage. Loaded Objects now: 1848.
Total: 1.550700 ms (FindLiveObjects: 0.124500 ms CreateObjectMapping: 0.035100 ms MarkObjects: 1.334600 ms  DeleteObjects: 0.055900 ms)

========================================================================
Received Prepare
Registering precompiled user dll's ...
Registered in 0.005713 seconds.
Begin MonoManager ReloadAssembly
Native extension for WindowsStandalone target not found
Native extension for WebGL target not found
Refreshing native plugins compatible for Editor in 0.37 ms, found 2 plugins.
Preloading 0 native plugins for Editor in 0.00 ms.
Mono: successfully reloaded assembly
- Completed reload, in  0.766 seconds
Platform modules already initialized, skipping
Refreshing native plugins compatible for Editor in 0.28 ms, found 2 plugins.
Preloading 0 native plugins for Editor in 0.00 ms.
Unloading 1383 Unused Serialized files (Serialized files now loaded: 0)
System memory in use before: 64.7 MB.
System memory in use after: 64.8 MB.

Unloading 14 unused Assets to reduce memory usage. Loaded Objects now: 1851.
Total: 1.953000 ms (FindLiveObjects: 0.111900 ms CreateObjectMapping: 0.034200 ms MarkObjects: 1.768700 ms  DeleteObjects: 0.036700 ms)

========================================================================
Received Prepare
Registering precompiled user dll's ...
Registered in 0.005416 seconds.
Begin MonoManager ReloadAssembly
Native extension for WindowsStandalone target not found
Native extension for WebGL target not found
Refreshing native plugins compatible for Editor in 0.30 ms, found 2 plugins.
Preloading 0 native plugins for Editor in 0.00 ms.
Mono: successfully reloaded assembly
- Completed reload, in  0.916 seconds
Platform modules already initialized, skipping
Refreshing native plugins compatible for Editor in 0.36 ms, found 2 plugins.
Preloading 0 native plugins for Editor in 0.00 ms.
Unloading 1383 Unused Serialized files (Serialized files now loaded: 0)
System memory in use before: 64.7 MB.
System memory in use after: 64.8 MB.

Unloading 14 unused Assets to reduce memory usage. Loaded Objects now: 1854.
Total: 1.610100 ms (FindLiveObjects: 0.135400 ms CreateObjectMapping: 0.041500 ms MarkObjects: 1.385100 ms  DeleteObjects: 0.047100 ms)

AssetImportWorkerClient::OnTransportError - code=2 error=End of file
